[2K[1G[2m$ tsc -b[22m
src/index.ts(14,3): error TS6133: 'ReactWidget' is declared but its value is never read.
src/index.ts(17,1): error TS6133: 'React' is declared but its value is never read.
src/index.ts(37,32): error TS2307: Cannot find module '@jupyter-notebook/application' or its corresponding type declarations.
[2K[1G[31merror[39m Command failed with exit code 1.
[2K[1G[34minfo[39m Visit [1mhttps://yarnpkg.com/en/docs/cli/run[22m for documentation about this command.
